# JRE version: OpenJDK Runtime Environment (11.0.9.1+1) (build 11.0.9.1+1-Ubuntu-0ubuntu1.18.04)
# Java VM: OpenJDK 64-Bit Server VM (11.0.9.1+1-Ubuntu-0ubuntu1.18.04, mixed mode, sharing, tiered, compressed oops, g1 gc, linux-amd64)
Heap:
 garbage-first heap   total 946176K, used 252780K [0x0000000080000000, 0x0000000100000000)
  region size 1024K, 3 young (3072K), 3 survivors (3072K)
 Metaspace       used 87156K, capacity 94182K, committed 94504K, reserved 1130496K
  class space    used 11341K, capacity 13676K, committed 13768K, reserved 1048576K
GC Heap History (20 events):
Event: 331.974 GC heap after
{Heap after GC invocations=65 (full 0):
 garbage-first heap   total 310272K, used 236794K [0x0000000080000000, 0x0000000100000000)
  region size 1024K, 5 young (5120K), 5 survivors (5120K)
 Metaspace       used 84448K, capacity 91175K, committed 91560K, reserved 1128448K
  class space    used 10964K, capacity 13143K, committed 13384K, reserved 1048576K
}
Event: 333.138 GC heap before
{Heap before GC invocations=66 (full 0):
 garbage-first heap   total 310272K, used 247034K [0x0000000080000000, 0x0000000100000000)
  region size 1024K, 15 young (15360K), 5 survivors (5120K)
 Metaspace       used 84503K, capacity 91343K, committed 91816K, reserved 1128448K
  class space    used 10971K, capacity 13155K, committed 13384K, reserved 1048576K
}
Event: 333.191 GC heap after
{Heap after GC invocations=67 (full 0):
 garbage-first heap   total 310272K, used 239239K [0x0000000080000000, 0x0000000100000000)
  region size 1024K, 2 young (2048K), 2 survivors (2048K)
 Metaspace       used 84503K, capacity 91343K, committed 91816K, reserved 1128448K
  class space    used 10971K, capacity 13155K, committed 13384K, reserved 1048576K
}
Event: 335.881 GC heap before
{Heap before GC invocations=67 (full 0):
 garbage-first heap   total 310272K, used 252551K [0x0000000080000000, 0x0000000100000000)
  region size 1024K, 15 young (15360K), 2 survivors (2048K)
 Metaspace       used 84574K, capacity 91402K, committed 91816K, reserved 1128448K
  class space    used 10980K, capacity 13171K, committed 13384K, reserved 1048576K
}
Event: 336.082 GC heap after
{Heap after GC invocations=68 (full 0):
 garbage-first heap   total 310272K, used 237515K [0x0000000080000000, 0x0000000100000000)
  region size 1024K, 2 young (2048K), 2 survivors (2048K)
 Metaspace       used 84574K, capacity 91402K, committed 91816K, reserved 1128448K
  class space    used 10980K, capacity 13171K, committed 13384K, reserved 1048576K
}
Event: 337.995 GC heap before
{Heap before GC invocations=68 (full 0):
 garbage-first heap   total 310272K, used 255947K [0x0000000080000000, 0x0000000100000000)
  region size 1024K, 21 young (21504K), 2 survivors (2048K)
 Metaspace       used 84723K, capacity 91502K, committed 91816K, reserved 1128448K
  class space    used 10999K, capacity 13204K, committed 13384K, reserved 1048576K
}
Event: 338.110 GC heap after
{Heap after GC invocations=69 (full 0):
 garbage-first heap   total 475136K, used 247890K [0x0000000080000000, 0x0000000100000000)
  region size 1024K, 3 young (3072K), 3 survivors (3072K)
 Metaspace       used 84723K, capacity 91502K, committed 91816K, reserved 1128448K
  class space    used 10999K, capacity 13204K, committed 13384K, reserved 1048576K
}
Event: 343.772 GC heap before
{Heap before GC invocations=70 (full 0):
 garbage-first heap   total 475136K, used 332882K [0x0000000080000000, 0x0000000100000000)
  region size 1024K, 24 young (24576K), 3 survivors (3072K)
 Metaspace       used 85559K, capacity 92626K, committed 92712K, reserved 1128448K
  class space    used 11172K, capacity 13498K, committed 13512K, reserved 1048576K
}
Event: 344.458 GC heap after
{Heap after GC invocations=71 (full 0):
 garbage-first heap   total 475136K, used 263375K [0x0000000080000000, 0x0000000100000000)
  region size 1024K, 7 young (7168K), 7 survivors (7168K)
 Metaspace       used 85559K, capacity 92626K, committed 92712K, reserved 1128448K
  class space    used 11172K, capacity 13498K, committed 13512K, reserved 1048576K
}
Event: 347.241 GC heap before
{Heap before GC invocations=72 (full 0):
 garbage-first heap   total 475136K, used 323791K [0x0000000080000000, 0x0000000100000000)
  region size 1024K, 11 young (11264K), 7 survivors (7168K)
 Metaspace       used 86038K, capacity 93048K, committed 93352K, reserved 1128448K
  class space    used 11217K, capacity 13532K, committed 13640K, reserved 1048576K
}
Event: 347.616 GC heap after
{Heap after GC invocations=73 (full 0):
 garbage-first heap   total 475136K, used 277091K [0x0000000080000000, 0x0000000100000000)
  region size 1024K, 4 young (4096K), 4 survivors (4096K)
 Metaspace       used 86038K, capacity 93048K, committed 93352K, reserved 1128448K
  class space    used 11217K, capacity 13532K, committed 13640K, reserved 1048576K
}
Event: 349.137 GC heap before
{Heap before GC invocations=74 (full 0):
 garbage-first heap   total 475136K, used 323171K [0x0000000080000000, 0x0000000100000000)
  region size 1024K, 9 young (9216K), 4 survivors (4096K)
 Metaspace       used 86247K, capacity 93240K, committed 93608K, reserved 1130496K
  class space    used 11233K, capacity 13532K, committed 13640K, reserved 1048576K
}
Event: 349.229 GC heap after
{Heap after GC invocations=75 (full 0):
 garbage-first heap   total 475136K, used 284258K [0x0000000080000000, 0x0000000100000000)
  region size 1024K, 4 young (4096K), 4 survivors (4096K)
 Metaspace       used 86247K, capacity 93240K, committed 93608K, reserved 1130496K
  class space    used 11233K, capacity 13532K, committed 13640K, reserved 1048576K
}
Event: 350.165 GC heap before
{Heap before GC invocations=76 (full 0):
 garbage-first heap   total 475136K, used 317026K [0x0000000080000000, 0x0000000100000000)
  region size 1024K, 6 young (6144K), 4 survivors (4096K)
 Metaspace       used 86356K, capacity 93380K, committed 93608K, reserved 1130496K
  class space    used 11247K, capacity 13536K, committed 13640K, reserved 1048576K
}
Event: 350.222 GC heap after
{Heap after GC invocations=77 (full 0):
 garbage-first heap   total 475136K, used 298548K [0x0000000080000000, 0x0000000100000000)
  region size 1024K, 4 young (4096K), 4 survivors (4096K)
 Metaspace       used 86356K, capacity 93380K, committed 93608K, reserved 1130496K
  class space    used 11247K, capacity 13536K, committed 13640K, reserved 1048576K
}
Event: 358.702 GC heap before
{Heap before GC invocations=78 (full 0):
 garbage-first heap   total 475136K, used 345652K [0x0000000080000000, 0x0000000100000000)
  region size 1024K, 41 young (41984K), 4 survivors (4096K)
 Metaspace       used 86987K, capacity 94033K, committed 94248K, reserved 1130496K
  class space    used 11327K, capacity 13670K, committed 13768K, reserved 1048576K
}
Event: 361.485 GC heap after
{Heap after GC invocations=79 (full 0):
 garbage-first heap   total 475136K, used 251132K [0x0000000080000000, 0x0000000100000000)
  region size 1024K, 3 young (3072K), 3 survivors (3072K)
 Metaspace       used 86987K, capacity 94033K, committed 94248K, reserved 1130496K
  class space    used 11327K, capacity 13670K, committed 13768K, reserved 1048576K
}
Event: 367.672 GC heap before
{Heap before GC invocations=80 (full 0):
 garbage-first heap   total 475136K, used 281852K [0x0000000080000000, 0x0000000100000000)
  region size 1024K, 23 young (23552K), 3 survivors (3072K)
 Metaspace       used 87031K, capacity 94112K, committed 94248K, reserved 1130496K
  class space    used 11333K, capacity 13675K, committed 13768K, reserved 1048576K
}
Event: 368.340 GC heap after
{Heap after GC invocations=81 (full 0):
 garbage-first heap   total 475136K, used 251274K [0x0000000080000000, 0x0000000100000000)
  region size 1024K, 2 young (2048K), 2 survivors (2048K)
 Metaspace       used 87031K, capacity 94112K, committed 94248K, reserved 1130496K
  class space    used 11333K, capacity 13675K, committed 13768K, reserved 1048576K
}
Event: 372.040 GC heap before
{Heap before GC invocations=81 (full 0):
 garbage-first heap   total 475136K, used 271754K [0x0000000080000000, 0x0000000100000000)
  region size 1024K, 23 young (23552K), 2 survivors (2048K)
 Metaspace       used 87156K, capacity 94182K, committed 94504K, reserved 1130496K
  class space    used 11341K, capacity 13676K, committed 13768K, reserved 1048576K
}

